2019-07-30 13:53:39 Error: [NotFoundException] User not found
Request URL: /emcmsrental/users/activate/10c60505ba30c68243442126ad4958602c232a91-1553281035
Stack Trace:
#0 [internal function]: UsersController->activate('10c60505ba30c68...')
#1 C:\wamp\www\emcmsrental\lib\Cake\Controller\Controller.php(499): ReflectionMethod->invokeArgs(Object(UsersController), Array)
#2 C:\wamp\www\emcmsrental\lib\Cake\Routing\Dispatcher.php(193): Controller->invokeAction(Object(CakeRequest))
#3 C:\wamp\www\emcmsrental\lib\Cake\Routing\Dispatcher.php(167): Dispatcher->_invoke(Object(UsersController), Object(CakeRequest))
#4 C:\wamp\www\emcmsrental\app\webroot\index.php(117): Dispatcher->dispatch(Object(CakeRequest), Object(CakeResponse))
#5 {main}
2020-11-27 15:57:46 Error: [MissingDatasourceConfigException] The datasource configuration "default" was not found in database.php
Exception Attributes: array (
  'config' => 'default',
)
Request URL: /emcmsrental/
Stack Trace:
#0 C:\wamp\www\emcmsrental\lib\Cake\Model\ConnectionManager.php(91): ConnectionManager::_getConnectionObject('default')
#1 C:\wamp\www\emcmsrental\lib\Cake\Model\Model.php(3659): ConnectionManager::getDataSource('default')
#2 C:\wamp\www\emcmsrental\lib\Cake\Model\Model.php(1162): Model->setDataSource('default')
#3 C:\wamp\www\emcmsrental\lib\Cake\Model\Model.php(3686): Model->setSource('currencies')
#4 C:\wamp\www\emcmsrental\lib\Cake\Model\Model.php(3053): Model->getDataSource()
#5 C:\wamp\www\emcmsrental\lib\Cake\Model\Model.php(3025): Model->_readDataSource('all', Array)
#6 C:\wamp\www\emcmsrental\app\Model\AppModel.php(355): Model->find('all', Array, NULL, NULL)
#7 C:\wamp\www\emcmsrental\app\Model\Currency.php(197): AppModel->find('all', Array)
#8 C:\wamp\www\emcmsrental\app\Controller\AppController.php(137): Currency->getCurrencyList('all')
#9 C:\wamp\www\emcmsrental\app\Controller\PropertiesController.php(71): AppController->beforeFilter()
#10 C:\wamp\www\emcmsrental\lib\Cake\Event\CakeEventManager.php(243): PropertiesController->beforeFilter(Object(CakeEvent))
#11 C:\wamp\www\emcmsrental\lib\Cake\Controller\Controller.php(682): CakeEventManager->dispatch(Object(CakeEvent))
#12 C:\wamp\www\emcmsrental\lib\Cake\Routing\Dispatcher.php(189): Controller->startupProcess()
#13 C:\wamp\www\emcmsrental\lib\Cake\Routing\Dispatcher.php(167): Dispatcher->_invoke(Object(PropertiesController), Object(CakeRequest))
#14 C:\wamp\www\emcmsrental\app\webroot\index.php(117): Dispatcher->dispatch(Object(CakeRequest), Object(CakeResponse))
#15 {main}
2020-11-27 15:57:46 Error: Fatal Error (256): [MissingDatasourceConfigException] The datasource configuration "default" was not found in database.php
#0 C:\wamp\www\emcmsrental\lib\Cake\Model\ConnectionManager.php(91): ConnectionManager::_getConnectionObject('default')
#1 C:\wamp\www\emcmsrental\lib\Cake\Model\Model.php(3659): ConnectionManager::getDataSource('default')
#2 C:\wamp\www\emcmsrental\lib\Cake\Model\Model.php(1162): Model->setDataSource('default')
#3 C:\wamp\www\emcmsrental\lib\Cake\Model\Model.php(3686): Model->setSource('languages')
#4 C:\wamp\www\emcmsrental\lib\Cake\Model\Model.php(3053): Model->getDataSource()
#5 C:\wamp\www\emcmsrental\lib\Cake\Model\Model.php(3025): Model->_readDataSource('first', Array)
#6 C:\wamp\www\emcmsrental\app\Model\AppModel.php(355): Model->find('first', Array, NULL, NULL)
#7 C:\wamp\www\emcmsrental\app\Model\Language.php(134): AppModel->find('first', Array)
#8 C:\wamp\www\emcmsrental\app\Model\Language.php(249): Language->getDefaultLanguage()
#9 C:\wamp\www\emcmsrental\app\Model\Language.php(177): Language->getActiveLanguage()
#10 C:\wamp\www\emcmsrental\app\View\Helper\AppHelper.php(142): Language->getActiveLanguageDirection()
#11 C:\wamp\www\emcmsrental\app\View\Layouts\error.ctp(18): AppHelper->getActiveLanguageDirection()
#12 C:\wamp\www\emcmsrental\lib\Cake\View\View.php(971): include('C:\\wamp\\www\\emc...')
#13 C:\wamp\www\emcmsrental\lib\Cake\View\View.php(933): View->_evaluate('C:\\wamp\\www\\emc...', Array)
#14 C:\wamp\www\emcmsrental\lib\Cake\View\View.php(546): View->_render('C:\\wamp\\www\\emc...')
#15 C:\wamp\www\emcmsrental\lib\Cake\View\View.php(481): View->renderLayout('<div class="con...', 'error')
#16 C:\wamp\www\emcmsrental\lib\Cake\Error\ExceptionRenderer.php(328): View->render('error500', 'error')
#17 C:\wamp\www\emcmsrental\lib\Cake\Error\ExceptionRenderer.php(309): ExceptionRenderer->_outputMessageSafe('error500')
#18 C:\wamp\www\emcmsrental\lib\Cake\Error\ExceptionRenderer.php(213): ExceptionRenderer->_outputMessage('missingDatasour...')
#19 C:\wamp\www\emcmsrental\lib\Cake\Error\ExceptionRenderer.php(190): ExceptionRenderer->_cakeError(Object(MissingDatasourceConfigException))
#20 C:\wamp\www\emcmsrental\lib\Cake\Error\ErrorHandler.php(127): ExceptionRenderer->render()
#21 [internal function]: ErrorHandler::handleException(Object(MissingDatasourceConfigException))
#22 {main} in [C:\wamp\www\emcmsrental\lib\Cake\Error\ErrorHandler.php, line 138]
2020-11-27 15:57:46 Error: Fatal Error (1): Uncaught FatalErrorException: [MissingDatasourceConfigException] The datasource configuration "default" was not found in database.php
#0 C:\wamp\www\emcmsrental\lib\Cake\Model\ConnectionManager.php(91): ConnectionManager::_getConnectionObject('default')
#1 C:\wamp\www\emcmsrental\lib\Cake\Model\Model.php(3659): ConnectionManager::getDataSource('default')
#2 C:\wamp\www\emcmsrental\lib\Cake\Model\Model.php(1162): Model->setDataSource('default')
#3 C:\wamp\www\emcmsrental\lib\Cake\Model\Model.php(3686): Model->setSource('languages')
#4 C:\wamp\www\emcmsrental\lib\Cake\Model\Model.php(3053): Model->getDataSource()
#5 C:\wamp\www\emcmsrental\lib\Cake\Model\Model.php(3025): Model->_readDataSource('first', Array)
#6 C:\wamp\www\emcmsrental\app\Model\AppModel.php(355): Model->find('first', Array, NULL, NULL)
#7 C:\wamp\www\emcmsrental\app\Model\Language.php(134): AppModel->find('first', Array)
#8 C:\wamp\www\emcmsrental\app\Model\Language.php(249): Language->getDefaultLanguage()
#9 C:\wamp\www\emcmsrental\app\Model\ in [C:\wamp\www\emcmsrental\lib\Cake\Error\ErrorHandler.php, line 138]
2020-11-27 15:57:46 Error: [FatalErrorException] Uncaught FatalErrorException: [MissingDatasourceConfigException] The datasource configuration "default" was not found in database.php
#0 C:\wamp\www\emcmsrental\lib\Cake\Model\ConnectionManager.php(91): ConnectionManager::_getConnectionObject('default')
#1 C:\wamp\www\emcmsrental\lib\Cake\Model\Model.php(3659): ConnectionManager::getDataSource('default')
#2 C:\wamp\www\emcmsrental\lib\Cake\Model\Model.php(1162): Model->setDataSource('default')
#3 C:\wamp\www\emcmsrental\lib\Cake\Model\Model.php(3686): Model->setSource('languages')
#4 C:\wamp\www\emcmsrental\lib\Cake\Model\Model.php(3053): Model->getDataSource()
#5 C:\wamp\www\emcmsrental\lib\Cake\Model\Model.php(3025): Model->_readDataSource('first', Array)
#6 C:\wamp\www\emcmsrental\app\Model\AppModel.php(355): Model->find('first', Array, NULL, NULL)
#7 C:\wamp\www\emcmsrental\app\Model\Language.php(134): AppModel->find('first', Array)
#8 C:\wamp\www\emcmsrental\app\Model\Language.php(249): Language->getDefaultLanguage()
#9 C:\wamp\www\emcmsrental\app\Model\
Request URL: /emcmsrental/
Stack Trace:
#0 C:\wamp\www\emcmsrental\lib\Cake\Error\ErrorHandler.php(212): ErrorHandler::handleFatalError(1, 'Uncaught FatalE...', 'C:\\wamp\\www\\emc...', 138)
#1 C:\wamp\www\emcmsrental\lib\Cake\Core\App.php(970): ErrorHandler::handleError(1, 'Uncaught FatalE...', 'C:\\wamp\\www\\emc...', 138, Array)
#2 C:\wamp\www\emcmsrental\lib\Cake\Core\App.php(943): App::_checkFatalError()
#3 [internal function]: App::shutdown()
#4 {main}
2020-11-27 15:57:47 Error: Fatal Error (256): [MissingDatasourceConfigException] The datasource configuration "default" was not found in database.php
#0 C:\wamp\www\emcmsrental\lib\Cake\Model\ConnectionManager.php(91): ConnectionManager::_getConnectionObject('default')
#1 C:\wamp\www\emcmsrental\lib\Cake\Model\Model.php(3659): ConnectionManager::getDataSource('default')
#2 C:\wamp\www\emcmsrental\lib\Cake\Model\Model.php(1162): Model->setDataSource('default')
#3 C:\wamp\www\emcmsrental\lib\Cake\Model\Model.php(3686): Model->setSource('languages')
#4 C:\wamp\www\emcmsrental\lib\Cake\Model\Model.php(3053): Model->getDataSource()
#5 C:\wamp\www\emcmsrental\lib\Cake\Model\Model.php(3025): Model->_readDataSource('first', Array)
#6 C:\wamp\www\emcmsrental\app\Model\AppModel.php(355): Model->find('first', Array, NULL, NULL)
#7 C:\wamp\www\emcmsrental\app\Model\Language.php(134): AppModel->find('first', Array)
#8 C:\wamp\www\emcmsrental\app\Model\Language.php(249): Language->getDefaultLanguage()
#9 C:\wamp\www\emcmsrental\app\Model\Language.php(177): Language->getActiveLanguage()
#10 C:\wamp\www\emcmsrental\app\View\Helper\AppHelper.php(142): Language->getActiveLanguageDirection()
#11 C:\wamp\www\emcmsrental\app\View\Layouts\error.ctp(18): AppHelper->getActiveLanguageDirection()
#12 C:\wamp\www\emcmsrental\lib\Cake\View\View.php(971): include('C:\\wamp\\www\\emc...')
#13 C:\wamp\www\emcmsrental\lib\Cake\View\View.php(933): View->_evaluate('C:\\wamp\\www\\emc...', Array)
#14 C:\wamp\www\emcmsrental\lib\Cake\View\View.php(546): View->_render('C:\\wamp\\www\\emc...')
#15 C:\wamp\www\emcmsrental\lib\Cake\View\View.php(481): View->renderLayout('<div class="con...', 'error')
#16 C:\wamp\www\emcmsrental\lib\Cake\Error\ExceptionRenderer.php(328): View->render('error500', 'error')
#17 C:\wamp\www\emcmsrental\lib\Cake\Error\ExceptionRenderer.php(309): ExceptionRenderer->_outputMessageSafe('error500')
#18 C:\wamp\www\emcmsrental\lib\Cake\Error\ExceptionRenderer.php(213): ExceptionRenderer->_outputMessage('fatalError')
#19 C:\wamp\www\emcmsrental\lib\Cake\Error\ExceptionRenderer.php(190): ExceptionRenderer->_cakeError(Object(FatalErrorException))
#20 C:\wamp\www\emcmsrental\lib\Cake\Error\ErrorHandler.php(127): ExceptionRenderer->render()
#21 C:\wamp\www\emcmsrental\lib\Cake\Error\ErrorHandler.php(269): ErrorHandler::handleException(Object(FatalErrorException))
#22 C:\wamp\www\emcmsrental\lib\Cake\Error\ErrorHandler.php(212): ErrorHandler::handleFatalError(1, 'Uncaught FatalE...', 'C:\\wamp\\www\\emc...', 138)
#23 C:\wamp\www\emcmsrental\lib\Cake\Core\App.php(970): ErrorHandler::handleError(1, 'Uncaught FatalE...', 'C:\\wamp\\www\\emc...', 138, Array)
#24 C:\wamp\www\emcmsrental\lib\Cake\Core\App.php(943): App::_checkFatalError()
#25 [internal function]: App::shutdown()
#26 {main} in [C:\wamp\www\emcmsrental\lib\Cake\Error\ErrorHandler.php, line 138]
2020-11-27 15:57:56 Error: [MissingDatasourceConfigException] The datasource configuration "default" was not found in database.php
Exception Attributes: array (
  'config' => 'default',
)
Request URL: /emcmsrental/
Stack Trace:
#0 C:\wamp\www\emcmsrental\lib\Cake\Model\ConnectionManager.php(91): ConnectionManager::_getConnectionObject('default')
#1 C:\wamp\www\emcmsrental\lib\Cake\Model\Model.php(3659): ConnectionManager::getDataSource('default')
#2 C:\wamp\www\emcmsrental\lib\Cake\Model\Model.php(1162): Model->setDataSource('default')
#3 C:\wamp\www\emcmsrental\lib\Cake\Model\Model.php(3686): Model->setSource('currencies')
#4 C:\wamp\www\emcmsrental\lib\Cake\Model\Model.php(3053): Model->getDataSource()
#5 C:\wamp\www\emcmsrental\lib\Cake\Model\Model.php(3025): Model->_readDataSource('all', Array)
#6 C:\wamp\www\emcmsrental\app\Model\AppModel.php(355): Model->find('all', Array, NULL, NULL)
#7 C:\wamp\www\emcmsrental\app\Model\Currency.php(197): AppModel->find('all', Array)
#8 C:\wamp\www\emcmsrental\app\Controller\AppController.php(137): Currency->getCurrencyList('all')
#9 C:\wamp\www\emcmsrental\app\Controller\PropertiesController.php(71): AppController->beforeFilter()
#10 C:\wamp\www\emcmsrental\lib\Cake\Event\CakeEventManager.php(243): PropertiesController->beforeFilter(Object(CakeEvent))
#11 C:\wamp\www\emcmsrental\lib\Cake\Controller\Controller.php(682): CakeEventManager->dispatch(Object(CakeEvent))
#12 C:\wamp\www\emcmsrental\lib\Cake\Routing\Dispatcher.php(189): Controller->startupProcess()
#13 C:\wamp\www\emcmsrental\lib\Cake\Routing\Dispatcher.php(167): Dispatcher->_invoke(Object(PropertiesController), Object(CakeRequest))
#14 C:\wamp\www\emcmsrental\app\webroot\index.php(117): Dispatcher->dispatch(Object(CakeRequest), Object(CakeResponse))
#15 {main}
2020-11-27 15:57:56 Error: Fatal Error (256): [MissingDatasourceConfigException] The datasource configuration "default" was not found in database.php
#0 C:\wamp\www\emcmsrental\lib\Cake\Model\ConnectionManager.php(91): ConnectionManager::_getConnectionObject('default')
#1 C:\wamp\www\emcmsrental\lib\Cake\Model\Model.php(3659): ConnectionManager::getDataSource('default')
#2 C:\wamp\www\emcmsrental\lib\Cake\Model\Model.php(1162): Model->setDataSource('default')
#3 C:\wamp\www\emcmsrental\lib\Cake\Model\Model.php(3686): Model->setSource('languages')
#4 C:\wamp\www\emcmsrental\lib\Cake\Model\Model.php(3053): Model->getDataSource()
#5 C:\wamp\www\emcmsrental\lib\Cake\Model\Model.php(3025): Model->_readDataSource('first', Array)
#6 C:\wamp\www\emcmsrental\app\Model\AppModel.php(355): Model->find('first', Array, NULL, NULL)
#7 C:\wamp\www\emcmsrental\app\Model\Language.php(134): AppModel->find('first', Array)
#8 C:\wamp\www\emcmsrental\app\Model\Language.php(249): Language->getDefaultLanguage()
#9 C:\wamp\www\emcmsrental\app\Model\Language.php(177): Language->getActiveLanguage()
#10 C:\wamp\www\emcmsrental\app\View\Helper\AppHelper.php(142): Language->getActiveLanguageDirection()
#11 C:\wamp\www\emcmsrental\app\View\Layouts\error.ctp(18): AppHelper->getActiveLanguageDirection()
#12 C:\wamp\www\emcmsrental\lib\Cake\View\View.php(971): include('C:\\wamp\\www\\emc...')
#13 C:\wamp\www\emcmsrental\lib\Cake\View\View.php(933): View->_evaluate('C:\\wamp\\www\\emc...', Array)
#14 C:\wamp\www\emcmsrental\lib\Cake\View\View.php(546): View->_render('C:\\wamp\\www\\emc...')
#15 C:\wamp\www\emcmsrental\lib\Cake\View\View.php(481): View->renderLayout('<div class="con...', 'error')
#16 C:\wamp\www\emcmsrental\lib\Cake\Error\ExceptionRenderer.php(328): View->render('error500', 'error')
#17 C:\wamp\www\emcmsrental\lib\Cake\Error\ExceptionRenderer.php(309): ExceptionRenderer->_outputMessageSafe('error500')
#18 C:\wamp\www\emcmsrental\lib\Cake\Error\ExceptionRenderer.php(213): ExceptionRenderer->_outputMessage('missingDatasour...')
#19 C:\wamp\www\emcmsrental\lib\Cake\Error\ExceptionRenderer.php(190): ExceptionRenderer->_cakeError(Object(MissingDatasourceConfigException))
#20 C:\wamp\www\emcmsrental\lib\Cake\Error\ErrorHandler.php(127): ExceptionRenderer->render()
#21 [internal function]: ErrorHandler::handleException(Object(MissingDatasourceConfigException))
#22 {main} in [C:\wamp\www\emcmsrental\lib\Cake\Error\ErrorHandler.php, line 138]
2020-11-27 15:57:56 Error: Fatal Error (1): Uncaught FatalErrorException: [MissingDatasourceConfigException] The datasource configuration "default" was not found in database.php
#0 C:\wamp\www\emcmsrental\lib\Cake\Model\ConnectionManager.php(91): ConnectionManager::_getConnectionObject('default')
#1 C:\wamp\www\emcmsrental\lib\Cake\Model\Model.php(3659): ConnectionManager::getDataSource('default')
#2 C:\wamp\www\emcmsrental\lib\Cake\Model\Model.php(1162): Model->setDataSource('default')
#3 C:\wamp\www\emcmsrental\lib\Cake\Model\Model.php(3686): Model->setSource('languages')
#4 C:\wamp\www\emcmsrental\lib\Cake\Model\Model.php(3053): Model->getDataSource()
#5 C:\wamp\www\emcmsrental\lib\Cake\Model\Model.php(3025): Model->_readDataSource('first', Array)
#6 C:\wamp\www\emcmsrental\app\Model\AppModel.php(355): Model->find('first', Array, NULL, NULL)
#7 C:\wamp\www\emcmsrental\app\Model\Language.php(134): AppModel->find('first', Array)
#8 C:\wamp\www\emcmsrental\app\Model\Language.php(249): Language->getDefaultLanguage()
#9 C:\wamp\www\emcmsrental\app\Model\ in [C:\wamp\www\emcmsrental\lib\Cake\Error\ErrorHandler.php, line 138]
2020-11-27 15:57:56 Error: [FatalErrorException] Uncaught FatalErrorException: [MissingDatasourceConfigException] The datasource configuration "default" was not found in database.php
#0 C:\wamp\www\emcmsrental\lib\Cake\Model\ConnectionManager.php(91): ConnectionManager::_getConnectionObject('default')
#1 C:\wamp\www\emcmsrental\lib\Cake\Model\Model.php(3659): ConnectionManager::getDataSource('default')
#2 C:\wamp\www\emcmsrental\lib\Cake\Model\Model.php(1162): Model->setDataSource('default')
#3 C:\wamp\www\emcmsrental\lib\Cake\Model\Model.php(3686): Model->setSource('languages')
#4 C:\wamp\www\emcmsrental\lib\Cake\Model\Model.php(3053): Model->getDataSource()
#5 C:\wamp\www\emcmsrental\lib\Cake\Model\Model.php(3025): Model->_readDataSource('first', Array)
#6 C:\wamp\www\emcmsrental\app\Model\AppModel.php(355): Model->find('first', Array, NULL, NULL)
#7 C:\wamp\www\emcmsrental\app\Model\Language.php(134): AppModel->find('first', Array)
#8 C:\wamp\www\emcmsrental\app\Model\Language.php(249): Language->getDefaultLanguage()
#9 C:\wamp\www\emcmsrental\app\Model\
Request URL: /emcmsrental/
Stack Trace:
#0 C:\wamp\www\emcmsrental\lib\Cake\Error\ErrorHandler.php(212): ErrorHandler::handleFatalError(1, 'Uncaught FatalE...', 'C:\\wamp\\www\\emc...', 138)
#1 C:\wamp\www\emcmsrental\lib\Cake\Core\App.php(970): ErrorHandler::handleError(1, 'Uncaught FatalE...', 'C:\\wamp\\www\\emc...', 138, Array)
#2 C:\wamp\www\emcmsrental\lib\Cake\Core\App.php(943): App::_checkFatalError()
#3 [internal function]: App::shutdown()
#4 {main}
2020-11-27 15:57:56 Error: Fatal Error (256): [MissingDatasourceConfigException] The datasource configuration "default" was not found in database.php
#0 C:\wamp\www\emcmsrental\lib\Cake\Model\ConnectionManager.php(91): ConnectionManager::_getConnectionObject('default')
#1 C:\wamp\www\emcmsrental\lib\Cake\Model\Model.php(3659): ConnectionManager::getDataSource('default')
#2 C:\wamp\www\emcmsrental\lib\Cake\Model\Model.php(1162): Model->setDataSource('default')
#3 C:\wamp\www\emcmsrental\lib\Cake\Model\Model.php(3686): Model->setSource('languages')
#4 C:\wamp\www\emcmsrental\lib\Cake\Model\Model.php(3053): Model->getDataSource()
#5 C:\wamp\www\emcmsrental\lib\Cake\Model\Model.php(3025): Model->_readDataSource('first', Array)
#6 C:\wamp\www\emcmsrental\app\Model\AppModel.php(355): Model->find('first', Array, NULL, NULL)
#7 C:\wamp\www\emcmsrental\app\Model\Language.php(134): AppModel->find('first', Array)
#8 C:\wamp\www\emcmsrental\app\Model\Language.php(249): Language->getDefaultLanguage()
#9 C:\wamp\www\emcmsrental\app\Model\Language.php(177): Language->getActiveLanguage()
#10 C:\wamp\www\emcmsrental\app\View\Helper\AppHelper.php(142): Language->getActiveLanguageDirection()
#11 C:\wamp\www\emcmsrental\app\View\Layouts\error.ctp(18): AppHelper->getActiveLanguageDirection()
#12 C:\wamp\www\emcmsrental\lib\Cake\View\View.php(971): include('C:\\wamp\\www\\emc...')
#13 C:\wamp\www\emcmsrental\lib\Cake\View\View.php(933): View->_evaluate('C:\\wamp\\www\\emc...', Array)
#14 C:\wamp\www\emcmsrental\lib\Cake\View\View.php(546): View->_render('C:\\wamp\\www\\emc...')
#15 C:\wamp\www\emcmsrental\lib\Cake\View\View.php(481): View->renderLayout('<div class="con...', 'error')
#16 C:\wamp\www\emcmsrental\lib\Cake\Error\ExceptionRenderer.php(328): View->render('error500', 'error')
#17 C:\wamp\www\emcmsrental\lib\Cake\Error\ExceptionRenderer.php(309): ExceptionRenderer->_outputMessageSafe('error500')
#18 C:\wamp\www\emcmsrental\lib\Cake\Error\ExceptionRenderer.php(213): ExceptionRenderer->_outputMessage('fatalError')
#19 C:\wamp\www\emcmsrental\lib\Cake\Error\ExceptionRenderer.php(190): ExceptionRenderer->_cakeError(Object(FatalErrorException))
#20 C:\wamp\www\emcmsrental\lib\Cake\Error\ErrorHandler.php(127): ExceptionRenderer->render()
#21 C:\wamp\www\emcmsrental\lib\Cake\Error\ErrorHandler.php(269): ErrorHandler::handleException(Object(FatalErrorException))
#22 C:\wamp\www\emcmsrental\lib\Cake\Error\ErrorHandler.php(212): ErrorHandler::handleFatalError(1, 'Uncaught FatalE...', 'C:\\wamp\\www\\emc...', 138)
#23 C:\wamp\www\emcmsrental\lib\Cake\Core\App.php(970): ErrorHandler::handleError(1, 'Uncaught FatalE...', 'C:\\wamp\\www\\emc...', 138, Array)
#24 C:\wamp\www\emcmsrental\lib\Cake\Core\App.php(943): App::_checkFatalError()
#25 [internal function]: App::shutdown()
#26 {main} in [C:\wamp\www\emcmsrental\lib\Cake\Error\ErrorHandler.php, line 138]
